[21-Nov-2018 08:34:21 Europe/Berlin] PHP Fatal error:  Uncaught Error: Class 'Routes' not found in D:\local\man\index.php:49
Stack trace:
#0 {main}
  thrown in D:\local\man\index.php on line 49
[21-Nov-2018 08:34:22 Europe/Berlin] PHP Fatal error:  Uncaught Error: Class 'Routes' not found in D:\local\man\index.php:49
Stack trace:
#0 {main}
  thrown in D:\local\man\index.php on line 49
[21-Nov-2018 08:34:41 Europe/Berlin] PHP Fatal error:  Uncaught Error: Class 'Routes' not found in D:\local\man\index.php:48
Stack trace:
#0 {main}
  thrown in D:\local\man\index.php on line 48
[21-Nov-2018 08:50:14 Europe/Berlin] PHP Warning:  file_put_contents(core/spl_register.php): failed to open stream: Permission denied in D:\local\man\core\libraries\Loader.php on line 149
[21-Nov-2018 08:50:18 Europe/Berlin] PHP Warning:  require_once(D:\local\man\core\spl_register.php): failed to open stream: No such file or directory in D:\local\man\index.php on line 44
[21-Nov-2018 08:50:18 Europe/Berlin] PHP Fatal error:  require_once(): Failed opening required 'core/spl_register.php' (include_path='C:\xampp\php\PEAR') in D:\local\man\index.php on line 44
[21-Nov-2018 08:50:35 Europe/Berlin] PHP Warning:  require_once(core/spl_register.php): failed to open stream: No such file or directory in D:\local\man\index.php on line 44
[21-Nov-2018 08:50:35 Europe/Berlin] PHP Fatal error:  require_once(): Failed opening required 'core/spl_register.php' (include_path='C:\xampp\php\PEAR') in D:\local\man\index.php on line 44
[21-Nov-2018 08:50:44 Europe/Berlin] PHP Warning:  require_once(D:\local\man\core\spl_register.php): failed to open stream: No such file or directory in D:\local\man\index.php on line 44
[21-Nov-2018 08:50:44 Europe/Berlin] PHP Fatal error:  require_once(): Failed opening required 'core/spl_register.php' (include_path='C:\xampp\php\PEAR') in D:\local\man\index.php on line 44
[21-Nov-2018 08:52:23 Europe/Berlin] PHP Warning:  session_save_path(): Cannot change save path when session is active in D:\local\man\core\libraries\Session.php on line 119
[21-Nov-2018 08:54:04 Europe/Berlin] PHP Fatal error:  Uncaught Error: Class 'AIS\libraries\Session' not found in D:\local\man\core\libraries\Loader.php:18
Stack trace:
#0 D:\local\man\index.php(47): AIS\libraries\Loader->__construct()
#1 {main}
  thrown in D:\local\man\core\libraries\Loader.php on line 18
[21-Nov-2018 08:54:19 Europe/Berlin] PHP Fatal error:  Uncaught Error: Call to undefined method AIS\libraries\Session::set_session() in D:\local\man\core\libraries\Loader.php:18
Stack trace:
#0 D:\local\man\index.php(47): AIS\libraries\Loader->__construct()
#1 {main}
  thrown in D:\local\man\core\libraries\Loader.php on line 18
[21-Nov-2018 08:54:20 Europe/Berlin] PHP Fatal error:  Uncaught Error: Call to undefined method AIS\libraries\Session::set_session() in D:\local\man\core\libraries\Loader.php:18
Stack trace:
#0 D:\local\man\index.php(47): AIS\libraries\Loader->__construct()
#1 {main}
  thrown in D:\local\man\core\libraries\Loader.php on line 18
[21-Nov-2018 08:54:30 Europe/Berlin] PHP Notice:  Undefined variable: _SESSION in D:\local\man\app\controllers\admin\Mark.php on line 7
[21-Nov-2018 08:55:05 Europe/Berlin] PHP Notice:  Undefined variable: _SESSION in D:\local\man\app\controllers\admin\Mark.php on line 7
[21-Nov-2018 08:55:06 Europe/Berlin] PHP Notice:  Undefined variable: _SESSION in D:\local\man\app\controllers\admin\Mark.php on line 7
[21-Nov-2018 08:56:44 Europe/Berlin] PHP Notice:  Undefined variable: _SESSION in D:\local\man\app\controllers\admin\Mark.php on line 7
[21-Nov-2018 08:57:49 Europe/Berlin] PHP Warning:  session_save_path(): Cannot change save path when session is active in D:\local\man\core\libraries\Session.php on line 122
[21-Nov-2018 09:00:57 Europe/Berlin] PHP Warning:  session_save_path(): Cannot change save path when session is active in D:\local\man\core\libraries\Session.php on line 122
[21-Nov-2018 09:01:31 Europe/Berlin] PHP Warning:  ini_set(): A session is active. You cannot change the session module's ini settings at this time in D:\local\man\core\libraries\Session.php on line 122
[21-Nov-2018 09:01:31 Europe/Berlin] PHP Warning:  ini_set(): A session is active. You cannot change the session module's ini settings at this time in D:\local\man\core\libraries\Session.php on line 123
[21-Nov-2018 09:01:52 Europe/Berlin] PHP Fatal error:  Uncaught Error: Call to undefined method AIS\libraries\Session::session_start() in D:\local\man\core\libraries\Loader.php:18
Stack trace:
#0 D:\local\man\index.php(47): AIS\libraries\Loader->__construct()
#1 {main}
  thrown in D:\local\man\core\libraries\Loader.php on line 18
[21-Nov-2018 09:02:03 Europe/Berlin] PHP Warning:  ini_set(): A session is active. You cannot change the session module's ini settings at this time in D:\local\man\core\libraries\Session.php on line 122
[21-Nov-2018 09:02:03 Europe/Berlin] PHP Warning:  ini_set(): A session is active. You cannot change the session module's ini settings at this time in D:\local\man\core\libraries\Session.php on line 123
[21-Nov-2018 09:13:34 Europe/Berlin] PHP Fatal error:  Uncaught Error: Using $this when not in object context in D:\local\man\core\libraries\CsrfToken.php:83
Stack trace:
#0 D:\local\man\core\libraries\CsrfToken.php(31): AIS\libraries\CsrfToken::_csrf_hash()
#1 D:\local\man\core\libraries\Loader.php(21): AIS\libraries\CsrfToken->__construct()
#2 D:\local\man\index.php(47): AIS\libraries\Loader->__construct()
#3 {main}
  thrown in D:\local\man\core\libraries\CsrfToken.php on line 83
[21-Nov-2018 09:13:56 Europe/Berlin] PHP Fatal error:  Uncaught Error: Access to undeclared static property: AIS\libraries\CsrfToken::$_hash in D:\local\man\core\libraries\CsrfToken.php:31
Stack trace:
#0 D:\local\man\core\libraries\Loader.php(21): AIS\libraries\CsrfToken->__construct()
#1 D:\local\man\index.php(47): AIS\libraries\Loader->__construct()
#2 {main}
  thrown in D:\local\man\core\libraries\CsrfToken.php on line 31
[21-Nov-2018 09:14:10 Europe/Berlin] PHP Warning:  file_put_contents(core/spl_register.php): failed to open stream: Permission denied in D:\local\man\core\libraries\Loader.php on line 155
[21-Nov-2018 09:14:55 Europe/Berlin] PHP Warning:  file_put_contents(core/spl_register.php): failed to open stream: Permission denied in D:\local\man\core\libraries\Loader.php on line 155
[21-Nov-2018 09:15:25 Europe/Berlin] PHP Warning:  require_once(core/spl_register.php): failed to open stream: No such file or directory in D:\local\man\index.php on line 44
[21-Nov-2018 09:15:25 Europe/Berlin] PHP Fatal error:  require_once(): Failed opening required 'core/spl_register.php' (include_path='C:\xampp\php\PEAR') in D:\local\man\index.php on line 44
[21-Nov-2018 09:16:08 Europe/Berlin] PHP Warning:  file_put_contents(core/spl_register.php): failed to open stream: Permission denied in D:\local\man\core\libraries\Loader.php on line 154
[21-Nov-2018 09:16:08 Europe/Berlin] PHP Warning:  require_once(D:\local\man\core\spl_register.php): failed to open stream: No such file or directory in D:\local\man\index.php on line 44
[21-Nov-2018 09:16:08 Europe/Berlin] PHP Fatal error:  require_once(): Failed opening required 'core/spl_register.php' (include_path='C:\xampp\php\PEAR') in D:\local\man\index.php on line 44
[21-Nov-2018 09:16:13 Europe/Berlin] PHP Warning:  require_once(D:\local\man\core\spl_register.php): failed to open stream: No such file or directory in D:\local\man\index.php on line 44
[21-Nov-2018 09:16:13 Europe/Berlin] PHP Fatal error:  require_once(): Failed opening required 'core/spl_register.php' (include_path='C:\xampp\php\PEAR') in D:\local\man\index.php on line 44
[21-Nov-2018 09:16:21 Europe/Berlin] PHP Warning:  require_once(D:\local\man\core\spl_register.php): failed to open stream: No such file or directory in D:\local\man\index.php on line 44
[21-Nov-2018 09:16:21 Europe/Berlin] PHP Fatal error:  require_once(): Failed opening required 'core/spl_register.php' (include_path='C:\xampp\php\PEAR') in D:\local\man\index.php on line 44
[21-Nov-2018 09:16:46 Europe/Berlin] PHP Notice:  Undefined variable: _SESSION in D:\local\man\app\controllers\admin\Mark.php on line 7
[21-Nov-2018 09:16:46 Europe/Berlin] PHP Warning:  session_destroy(): Trying to destroy uninitialized session in D:\local\man\app\controllers\admin\Mark.php on line 8
